<?xml version="1.0" encoding="UTF-8"?>
<!DOCTYPE mapper
  PUBLIC "-//mybatis.org//DTD Mapper 3.0//EN"
  "http://mybatis.org/dtd/mybatis-3-mapper.dtd">
<mapper namespace="test.mapper">
	<select id="test" resultType="String">
		select giup_title  from guinlist where working_day = '주2일'
	</select>
	
</mapper>