<?xml version="1.0" encoding="UTF-8"?>
<!DOCTYPE mapper
  PUBLIC "-//mybatis.org//DTD Mapper 3.0//EN"
  "http://mybatis.org/dtd/mybatis-3-mapper.dtd">
<mapper namespace="test.mapper">
	
	<!-- 구인 게시글 전체 조회 -->
	<select id="test" resultType="list.GuinDTO">
		select * from guinlist
	</select>
	
	<!-- 구인 특정 회원 게시글 조회 -->
	<select id="test1" resultType="list.GuinDTO">
		select * from guinlist where member_id=#{id} and giup_title = #{postTitle}
	</select>
	
	<!-- 개인회원가입 아이디 중복 조회 -->
	<select id="idlist" resultType="integer">
		select count(*) from member where member_id = #{id}
	</select>
	
	<!-- 개인회원가입 닉네임 중복 조회 -->
	<select id="nickNamelist" resultType="integer">
		select count(*) from member where member_nickname = #{nickName}
	</select>
	
	<!-- 개인 회원가입 -->
	<insert id="insertMember">
		insert into member (member_id,member_nickname,member_pw,member_birth,member_gender,member_email,member_auth)
		values (#{member_id},#{member_nickname},#{member_pw},#{member_birth},#{member_gender},#{member_email},'1')
	</insert>
	
	<!-- 개인 로그인 -->
	<select id="soloLogin" resultType="integer">
		select count(*) from member where member_id=#{member_id} and member_pw=#{member_pw} and member_auth='1'
	</select>
	<select id="memberInfo" resultType="Member.MemberVO">
		select * from member where member_id=#{member_id} and member_pw=#{member_pw}
	</select>
	
 	<!-- 기업 회원가입 -->
	<insert id="insertMember1">
		insert into member (member_id,member_nickname,member_pw,member_email,member_b_no,member_b_nm,member_p_nm,member_auth)
		values (#{member_id},#{member_nickname},#{member_pw},#{member_email},#{member_b_no},#{member_b_nm},#{member_p_nm},'2')
	</insert>
	
	<!-- 기업 로그인 -->
	<select id="giupLogin" resultType="integer">
		select count(*) from member where member_id=#{member_id} and member_pw=#{member_pw} and member_auth='2'
	</select>
	<select id="memberInfo1" resultType="Member.MemberVO">
		select * from member where member_id=#{member_id} and member_pw=#{member_pw}
	</select>
	<select id="memberInfo" resultType="Member.MemberVO">
		select * from member where member_id=#{member_id} and member_pw=#{member_pw}
	</select>
	
	
	
</mapper>
